This file contains any messages produced by compilers while
running configure, to aid debugging if configure makes a mistake.

It was created by cpp_socket_example configure 0.1.0, which was
generated by GNU Autoconf 2.68.  Invocation command line was

  $ ../configure 

## --------- ##
## Platform. ##
## --------- ##

hostname = localhost.localdomain
uname -m = x86_64
uname -r = 2.6.18-238.9.1.el5
uname -s = Linux
uname -v = #1 SMP Tue Apr 12 18:10:13 EDT 2011

/usr/bin/uname -p = unknown
/bin/uname -X     = unknown

/bin/arch              = x86_64
/usr/bin/arch -k       = unknown
/usr/convex/getsysinfo = unknown
/usr/bin/hostinfo      = unknown
/bin/machine           = unknown
/usr/bin/oslevel       = unknown
/bin/universe          = unknown

PATH: /usr/kerberos/bin
PATH: /usr/local/bin
PATH: /bin
PATH: /usr/bin
PATH: /home/bols/bin
PATH: /home/bols/bin


## ----------- ##
## Core tests. ##
## ----------- ##

configure:2206: checking for a BSD-compatible install
configure:2274: result: /usr/bin/install -c
configure:2285: checking whether build environment is sane
configure:2322: result: yes
configure:2384: checking for gawk
configure:2400: found /bin/gawk
configure:2411: result: gawk
configure:2422: checking whether make sets $(MAKE)
configure:2444: result: yes
configure:2685: checking for g++
configure:2701: found /usr/bin/g++
configure:2712: result: g++
configure:2739: checking for C++ compiler version
configure:2748: g++ --version >&5
g++ (GCC) 4.1.2 20080704 (Red Hat 4.1.2-50)
Copyright (C) 2006 Free Software Foundation, Inc.
This is free software; see the source for copying conditions.  There is NO
warranty; not even for MERCHANTABILITY or FITNESS FOR A PARTICULAR PURPOSE.

configure:2759: $? = 0
configure:2748: g++ -v >&5
Using built-in specs.
Target: x86_64-redhat-linux
Configured with: ../configure --prefix=/usr --mandir=/usr/share/man --infodir=/usr/share/info --enable-shared --enable-threads=posix --enable-checking=release --with-system-zlib --enable-__cxa_atexit --disable-libunwind-exceptions --enable-libgcj-multifile --enable-languages=c,c++,objc,obj-c++,java,fortran,ada --enable-java-awt=gtk --disable-dssi --disable-plugin --with-java-home=/usr/lib/jvm/java-1.4.2-gcj-1.4.2.0/jre --with-cpu=generic --host=x86_64-redhat-linux
Thread model: posix
gcc version 4.1.2 20080704 (Red Hat 4.1.2-50)
configure:2759: $? = 0
configure:2748: g++ -V >&5
g++: '-V' option must have argument
configure:2759: $? = 1
configure:2748: g++ -qversion >&5
g++: unrecognized option '-qversion'
g++: no input files
configure:2759: $? = 1
configure:2779: checking whether the C++ compiler works
configure:2801: g++    conftest.cpp  >&5
configure:2805: $? = 0
configure:2853: result: yes
configure:2856: checking for C++ compiler default output file name
configure:2858: result: a.out
configure:2864: checking for suffix of executables
configure:2871: g++ -o conftest    conftest.cpp  >&5
configure:2875: $? = 0
configure:2897: result: 
configure:2919: checking whether we are cross compiling
configure:2927: g++ -o conftest    conftest.cpp  >&5
configure:2931: $? = 0
configure:2938: ./conftest
configure:2942: $? = 0
configure:2957: result: no
configure:2962: checking for suffix of object files
configure:2984: g++ -c   conftest.cpp >&5
configure:2988: $? = 0
configure:3009: result: o
configure:3013: checking whether we are using the GNU C++ compiler
configure:3032: g++ -c   conftest.cpp >&5
configure:3032: $? = 0
configure:3041: result: yes
configure:3050: checking whether g++ accepts -g
configure:3070: g++ -c -g  conftest.cpp >&5
configure:3070: $? = 0
configure:3111: result: yes
configure:3145: checking for style of include used by make
configure:3173: result: GNU
configure:3201: checking dependency style of g++
configure:3291: result: gcc3
configure:3356: checking for gcc
configure:3372: found /usr/bin/gcc
configure:3383: result: gcc
configure:3612: checking for C compiler version
configure:3621: gcc --version >&5
gcc (GCC) 4.1.2 20080704 (Red Hat 4.1.2-50)
Copyright (C) 2006 Free Software Foundation, Inc.
This is free software; see the source for copying conditions.  There is NO
warranty; not even for MERCHANTABILITY or FITNESS FOR A PARTICULAR PURPOSE.

configure:3632: $? = 0
configure:3621: gcc -v >&5
Using built-in specs.
Target: x86_64-redhat-linux
Configured with: ../configure --prefix=/usr --mandir=/usr/share/man --infodir=/usr/share/info --enable-shared --enable-threads=posix --enable-checking=release --with-system-zlib --enable-__cxa_atexit --disable-libunwind-exceptions --enable-libgcj-multifile --enable-languages=c,c++,objc,obj-c++,java,fortran,ada --enable-java-awt=gtk --disable-dssi --disable-plugin --with-java-home=/usr/lib/jvm/java-1.4.2-gcj-1.4.2.0/jre --with-cpu=generic --host=x86_64-redhat-linux
Thread model: posix
gcc version 4.1.2 20080704 (Red Hat 4.1.2-50)
configure:3632: $? = 0
configure:3621: gcc -V >&5
gcc: '-V' option must have argument
configure:3632: $? = 1
configure:3621: gcc -qversion >&5
gcc: unrecognized option '-qversion'
gcc: no input files
configure:3632: $? = 1
configure:3636: checking whether we are using the GNU C compiler
configure:3655: gcc -c   conftest.c >&5
configure:3655: $? = 0
configure:3664: result: yes
configure:3673: checking whether gcc accepts -g
configure:3693: gcc -c -g  conftest.c >&5
configure:3693: $? = 0
configure:3734: result: yes
configure:3751: checking for gcc option to accept ISO C89
configure:3815: gcc  -c -g -O2  conftest.c >&5
configure:3815: $? = 0
configure:3828: result: none needed
configure:3850: checking dependency style of gcc
configure:3940: result: gcc3
configure:4000: checking for ranlib
configure:4016: found /usr/bin/ranlib
configure:4027: result: ranlib
configure:4059: checking how to run the C preprocessor
configure:4090: gcc -E  conftest.c
configure:4090: $? = 0
configure:4104: gcc -E  conftest.c
conftest.c:11:28: error: ac_nonexistent.h: No such file or directory
configure:4104: $? = 1
configure: failed program was:
| /* confdefs.h */
| #define PACKAGE_NAME "cpp_socket_example"
| #define PACKAGE_TARNAME "cpp_socket_example"
| #define PACKAGE_VERSION "0.1.0"
| #define PACKAGE_STRING "cpp_socket_example 0.1.0"
| #define PACKAGE_BUGREPORT "bols-blue@lnc.jp"
| #define PACKAGE_URL ""
| #define PACKAGE "cpp_socket_example"
| #define VERSION "0.1.0"
| /* end confdefs.h.  */
| #include <ac_nonexistent.h>
configure:4129: result: gcc -E
configure:4149: gcc -E  conftest.c
configure:4149: $? = 0
configure:4163: gcc -E  conftest.c
conftest.c:11:28: error: ac_nonexistent.h: No such file or directory
configure:4163: $? = 1
configure: failed program was:
| /* confdefs.h */
| #define PACKAGE_NAME "cpp_socket_example"
| #define PACKAGE_TARNAME "cpp_socket_example"
| #define PACKAGE_VERSION "0.1.0"
| #define PACKAGE_STRING "cpp_socket_example 0.1.0"
| #define PACKAGE_BUGREPORT "bols-blue@lnc.jp"
| #define PACKAGE_URL ""
| #define PACKAGE "cpp_socket_example"
| #define VERSION "0.1.0"
| /* end confdefs.h.  */
| #include <ac_nonexistent.h>
configure:4192: checking for grep that handles long lines and -e
configure:4250: result: /bin/grep
configure:4255: checking for egrep
configure:4317: result: /bin/grep -E
configure:4322: checking for ANSI C header files
configure:4342: gcc -c -g -O2  conftest.c >&5
configure:4342: $? = 0
configure:4415: gcc -o conftest -g -O2   conftest.c  >&5
configure:4415: $? = 0
configure:4415: ./conftest
configure:4415: $? = 0
configure:4426: result: yes
configure:4439: checking for sys/types.h
configure:4439: gcc -c -g -O2  conftest.c >&5
configure:4439: $? = 0
configure:4439: result: yes
configure:4439: checking for sys/stat.h
configure:4439: gcc -c -g -O2  conftest.c >&5
configure:4439: $? = 0
configure:4439: result: yes
configure:4439: checking for stdlib.h
configure:4439: gcc -c -g -O2  conftest.c >&5
configure:4439: $? = 0
configure:4439: result: yes
configure:4439: checking for string.h
configure:4439: gcc -c -g -O2  conftest.c >&5
configure:4439: $? = 0
configure:4439: result: yes
configure:4439: checking for memory.h
configure:4439: gcc -c -g -O2  conftest.c >&5
configure:4439: $? = 0
configure:4439: result: yes
configure:4439: checking for strings.h
configure:4439: gcc -c -g -O2  conftest.c >&5
configure:4439: $? = 0
configure:4439: result: yes
configure:4439: checking for inttypes.h
configure:4439: gcc -c -g -O2  conftest.c >&5
configure:4439: $? = 0
configure:4439: result: yes
configure:4439: checking for stdint.h
configure:4439: gcc -c -g -O2  conftest.c >&5
configure:4439: $? = 0
configure:4439: result: yes
configure:4439: checking for unistd.h
configure:4439: gcc -c -g -O2  conftest.c >&5
configure:4439: $? = 0
configure:4439: result: yes
configure:4454: checking netdb.h usability
configure:4454: gcc -c -g -O2  conftest.c >&5
configure:4454: $? = 0
configure:4454: result: yes
configure:4454: checking netdb.h presence
configure:4454: gcc -E  conftest.c
configure:4454: $? = 0
configure:4454: result: yes
configure:4454: checking for netdb.h
configure:4454: result: yes
configure:4454: checking netinet/in.h usability
configure:4454: gcc -c -g -O2  conftest.c >&5
configure:4454: $? = 0
configure:4454: result: yes
configure:4454: checking netinet/in.h presence
configure:4454: gcc -E  conftest.c
configure:4454: $? = 0
configure:4454: result: yes
configure:4454: checking for netinet/in.h
configure:4454: result: yes
configure:4454: checking for stdlib.h
configure:4454: result: yes
configure:4454: checking for string.h
configure:4454: result: yes
configure:4454: checking sys/socket.h usability
configure:4454: gcc -c -g -O2  conftest.c >&5
configure:4454: $? = 0
configure:4454: result: yes
configure:4454: checking sys/socket.h presence
configure:4454: gcc -E  conftest.c
configure:4454: $? = 0
configure:4454: result: yes
configure:4454: checking for sys/socket.h
configure:4454: result: yes
configure:4454: checking for unistd.h
configure:4454: result: yes
configure:4468: checking for error_at_line
configure:4484: gcc -o conftest -g -O2   conftest.c  >&5
configure:4484: $? = 0
configure:4492: result: yes
configure:4506: checking for bzero
configure:4506: gcc -o conftest -g -O2   conftest.c  >&5
conftest.c:50: warning: conflicting types for built-in function 'bzero'
configure:4506: $? = 0
configure:4506: result: yes
configure:4506: checking for gethostbyname
configure:4506: gcc -o conftest -g -O2   conftest.c  >&5
configure:4506: $? = 0
configure:4506: result: yes
configure:4506: checking for socket
configure:4506: gcc -o conftest -g -O2   conftest.c  >&5
configure:4506: $? = 0
configure:4506: result: yes
configure:4644: creating ./config.status

## ---------------------- ##
## Running config.status. ##
## ---------------------- ##

This file was extended by cpp_socket_example config.status 0.1.0, which was
generated by GNU Autoconf 2.68.  Invocation command line was

  CONFIG_FILES    = 
  CONFIG_HEADERS  = 
  CONFIG_LINKS    = 
  CONFIG_COMMANDS = 
  $ ./config.status 

on localhost.localdomain

config.status:870: creating Makefile
config.status:870: creating config.h
config.status:1077: executing depfiles commands

## ---------------- ##
## Cache variables. ##
## ---------------- ##

ac_cv_c_compiler_gnu=yes
ac_cv_cxx_compiler_gnu=yes
ac_cv_env_CCC_set=
ac_cv_env_CCC_value=
ac_cv_env_CC_set=
ac_cv_env_CC_value=
ac_cv_env_CFLAGS_set=
ac_cv_env_CFLAGS_value=
ac_cv_env_CPPFLAGS_set=
ac_cv_env_CPPFLAGS_value=
ac_cv_env_CPP_set=
ac_cv_env_CPP_value=
ac_cv_env_CXXFLAGS_set=
ac_cv_env_CXXFLAGS_value=
ac_cv_env_CXX_set=
ac_cv_env_CXX_value=
ac_cv_env_LDFLAGS_set=
ac_cv_env_LDFLAGS_value=
ac_cv_env_LIBS_set=
ac_cv_env_LIBS_value=
ac_cv_env_build_alias_set=
ac_cv_env_build_alias_value=
ac_cv_env_host_alias_set=
ac_cv_env_host_alias_value=
ac_cv_env_target_alias_set=
ac_cv_env_target_alias_value=
ac_cv_func_bzero=yes
ac_cv_func_gethostbyname=yes
ac_cv_func_socket=yes
ac_cv_header_inttypes_h=yes
ac_cv_header_memory_h=yes
ac_cv_header_netdb_h=yes
ac_cv_header_netinet_in_h=yes
ac_cv_header_stdc=yes
ac_cv_header_stdint_h=yes
ac_cv_header_stdlib_h=yes
ac_cv_header_string_h=yes
ac_cv_header_strings_h=yes
ac_cv_header_sys_socket_h=yes
ac_cv_header_sys_stat_h=yes
ac_cv_header_sys_types_h=yes
ac_cv_header_unistd_h=yes
ac_cv_lib_error_at_line=yes
ac_cv_objext=o
ac_cv_path_EGREP='/bin/grep -E'
ac_cv_path_GREP=/bin/grep
ac_cv_path_install='/usr/bin/install -c'
ac_cv_prog_AWK=gawk
ac_cv_prog_CPP='gcc -E'
ac_cv_prog_ac_ct_CC=gcc
ac_cv_prog_ac_ct_CXX=g++
ac_cv_prog_ac_ct_RANLIB=ranlib
ac_cv_prog_cc_c89=
ac_cv_prog_cc_g=yes
ac_cv_prog_cxx_g=yes
ac_cv_prog_make_make_set=yes
am_cv_CC_dependencies_compiler_type=gcc3
am_cv_CXX_dependencies_compiler_type=gcc3

## ----------------- ##
## Output variables. ##
## ----------------- ##

ACLOCAL='${SHELL} /home/bols/etc/cpp_socket_example-0.1.0/missing --run aclocal-1.9'
AMDEPBACKSLASH='\'
AMDEP_FALSE='#'
AMDEP_TRUE=''
AMTAR='${SHELL} /home/bols/etc/cpp_socket_example-0.1.0/missing --run tar'
AUTOCONF='${SHELL} /home/bols/etc/cpp_socket_example-0.1.0/missing --run autoconf'
AUTOHEADER='${SHELL} /home/bols/etc/cpp_socket_example-0.1.0/missing --run autoheader'
AUTOMAKE='${SHELL} /home/bols/etc/cpp_socket_example-0.1.0/missing --run automake-1.9'
AWK='gawk'
CC='gcc'
CCDEPMODE='depmode=gcc3'
CFLAGS='-g -O2'
CPP='gcc -E'
CPPFLAGS=''
CXX='g++'
CXXDEPMODE='depmode=gcc3'
CXXFLAGS='-g -O2'
CYGPATH_W='echo'
DEFS='-DHAVE_CONFIG_H'
DEPDIR='.deps'
ECHO_C=''
ECHO_N='-n'
ECHO_T=''
EGREP='/bin/grep -E'
EXEEXT=''
GREP='/bin/grep'
INSTALL_DATA='${INSTALL} -m 644'
INSTALL_PROGRAM='${INSTALL}'
INSTALL_SCRIPT='${INSTALL}'
INSTALL_STRIP_PROGRAM='${SHELL} $(install_sh) -c -s'
LDFLAGS=''
LIBOBJS=''
LIBS=''
LTLIBOBJS=''
MAKEINFO='${SHELL} /home/bols/etc/cpp_socket_example-0.1.0/missing --run makeinfo'
OBJEXT='o'
PACKAGE='cpp_socket_example'
PACKAGE_BUGREPORT='bols-blue@lnc.jp'
PACKAGE_NAME='cpp_socket_example'
PACKAGE_STRING='cpp_socket_example 0.1.0'
PACKAGE_TARNAME='cpp_socket_example'
PACKAGE_URL=''
PACKAGE_VERSION='0.1.0'
PATH_SEPARATOR=':'
RANLIB='ranlib'
SET_MAKE=''
SHELL='/bin/sh'
STRIP=''
VERSION='0.1.0'
ac_ct_CC='gcc'
ac_ct_CXX='g++'
am__fastdepCC_FALSE='#'
am__fastdepCC_TRUE=''
am__fastdepCXX_FALSE='#'
am__fastdepCXX_TRUE=''
am__include='include'
am__leading_dot='.'
am__quote=''
am__tar='${AMTAR} chof - "$$tardir"'
am__untar='${AMTAR} xf -'
bindir='${exec_prefix}/bin'
build_alias=''
datadir='${datarootdir}'
datarootdir='${prefix}/share'
docdir='${datarootdir}/doc/${PACKAGE_TARNAME}'
dvidir='${docdir}'
exec_prefix='${prefix}'
host_alias=''
htmldir='${docdir}'
includedir='${prefix}/include'
infodir='${datarootdir}/info'
install_sh='/home/bols/etc/cpp_socket_example-0.1.0/install-sh'
libdir='${exec_prefix}/lib'
libexecdir='${exec_prefix}/libexec'
localedir='${datarootdir}/locale'
localstatedir='${prefix}/var'
mandir='${datarootdir}/man'
mkdir_p='mkdir -p --'
oldincludedir='/usr/include'
pdfdir='${docdir}'
prefix='/usr/local'
program_transform_name='s,x,x,'
psdir='${docdir}'
sbindir='${exec_prefix}/sbin'
sharedstatedir='${prefix}/com'
sysconfdir='${prefix}/etc'
target_alias=''

## ----------- ##
## confdefs.h. ##
## ----------- ##

/* confdefs.h */
#define PACKAGE_NAME "cpp_socket_example"
#define PACKAGE_TARNAME "cpp_socket_example"
#define PACKAGE_VERSION "0.1.0"
#define PACKAGE_STRING "cpp_socket_example 0.1.0"
#define PACKAGE_BUGREPORT "bols-blue@lnc.jp"
#define PACKAGE_URL ""
#define PACKAGE "cpp_socket_example"
#define VERSION "0.1.0"
#define STDC_HEADERS 1
#define HAVE_SYS_TYPES_H 1
#define HAVE_SYS_STAT_H 1
#define HAVE_STDLIB_H 1
#define HAVE_STRING_H 1
#define HAVE_MEMORY_H 1
#define HAVE_STRINGS_H 1
#define HAVE_INTTYPES_H 1
#define HAVE_STDINT_H 1
#define HAVE_UNISTD_H 1
#define HAVE_NETDB_H 1
#define HAVE_NETINET_IN_H 1
#define HAVE_STDLIB_H 1
#define HAVE_STRING_H 1
#define HAVE_SYS_SOCKET_H 1
#define HAVE_UNISTD_H 1
#define HAVE_BZERO 1
#define HAVE_GETHOSTBYNAME 1
#define HAVE_SOCKET 1

configure: exit 0
